<?xml version="1.0" encoding="UTF-8"?>
<testng-results ignored="0" total="2" passed="1" failed="1" skipped="0">
  <reporter-output>
  </reporter-output>
  <suite started-at="2021-03-22T16:22:19 MSK" name="Gmail suite" finished-at="2021-03-22T16:22:55 MSK" duration-ms="35642">
    <groups>
    </groups>
    <test started-at="2021-03-22T16:22:19 MSK" name="Send Email" finished-at="2021-03-22T16:22:54 MSK" duration-ms="35598">
      <class name="by.helmes.gmail.tests.SendEmailTest">
        <test-method is-config="true" signature="setupClass(java.lang.String)[pri:0, instance:by.helmes.gmail.tests.SendEmailTest@14bae047]" started-at="2021-03-22T16:22:19 MSK" name="setupClass" finished-at="2021-03-22T16:22:19 MSK" duration-ms="78" status="PASS">
          <params>
            <param index="0">
              <value>
                <![CDATA[configuration]]>
              </value>
            </param>
          </params>
          <reporter-output>
          </reporter-output>
        </test-method> <!-- setupClass -->
        <test-method is-config="true" signature="setupMethod()[pri:0, instance:by.helmes.gmail.tests.SendEmailTest@14bae047]" started-at="2021-03-22T16:22:19 MSK" name="setupMethod" finished-at="2021-03-22T16:22:25 MSK" duration-ms="6167" status="PASS">
          <reporter-output>
          </reporter-output>
        </test-method> <!-- setupMethod -->
        <test-method signature="sendEmail()[pri:0, instance:by.helmes.gmail.tests.SendEmailTest@14bae047]" started-at="2021-03-22T16:22:26 MSK" name="sendEmail" finished-at="2021-03-22T16:22:53 MSK" duration-ms="27041" status="PASS">
          <reporter-output>
          </reporter-output>
        </test-method> <!-- sendEmail -->
        <test-method is-config="true" signature="tearDown()[pri:0, instance:by.helmes.gmail.tests.SendEmailTest@14bae047]" started-at="2021-03-22T16:22:53 MSK" name="tearDown" finished-at="2021-03-22T16:22:54 MSK" duration-ms="1477" status="PASS">
          <reporter-output>
          </reporter-output>
        </test-method> <!-- tearDown -->
      </class> <!-- by.helmes.gmail.tests.SendEmailTest -->
    </test> <!-- Send Email -->
    <test started-at="2021-03-22T16:22:19 MSK" name="Delete Email" finished-at="2021-03-22T16:22:55 MSK" duration-ms="35642">
      <class name="by.helmes.gmail.tests.DeleteEmailTest">
        <test-method is-config="true" signature="setupClass(java.lang.String)[pri:0, instance:by.helmes.gmail.tests.DeleteEmailTest@61533ae]" started-at="2021-03-22T16:22:19 MSK" name="setupClass" finished-at="2021-03-22T16:22:19 MSK" duration-ms="78" status="PASS">
          <params>
            <param index="0">
              <value>
                <![CDATA[configuration]]>
              </value>
            </param>
          </params>
          <reporter-output>
          </reporter-output>
        </test-method> <!-- setupClass -->
        <test-method is-config="true" signature="setupMethod()[pri:0, instance:by.helmes.gmail.tests.DeleteEmailTest@61533ae]" started-at="2021-03-22T16:22:19 MSK" name="setupMethod" finished-at="2021-03-22T16:22:53 MSK" duration-ms="33507" status="PASS">
          <reporter-output>
          </reporter-output>
        </test-method> <!-- setupMethod -->
        <test-method signature="deleteEmail()[pri:0, instance:by.helmes.gmail.tests.DeleteEmailTest@61533ae]" started-at="2021-03-22T16:22:53 MSK" name="deleteEmail" finished-at="2021-03-22T16:22:53 MSK" duration-ms="893" status="FAIL">
          <exception class="org.openqa.selenium.StaleElementReferenceException">
            <message>
              <![CDATA[stale element reference: element is not attached to the page document
  (Session info: chrome=89.0.4389.90)
For documentation on this error, please visit: https://www.seleniumhq.org/exceptions/stale_element_reference.html
Build info: version: '3.141.59', revision: 'e82be7d358', time: '2018-11-14T08:17:03'
System info: host: 'HEL01709', ip: '192.168.100.8', os.name: 'Windows 10', os.arch: 'amd64', os.version: '10.0', java.version: '14'
Driver info: org.openqa.selenium.chrome.ChromeDriver
Capabilities {acceptInsecureCerts: false, browserName: chrome, browserVersion: 89.0.4389.90, chrome: {chromedriverVersion: 89.0.4389.23 (61b08ee2c5002..., userDataDir: C:\Users\SVIATL~1.HGR\AppDa...}, goog:chromeOptions: {debuggerAddress: localhost:54254}, javascriptEnabled: true, networkConnectionEnabled: false, pageLoadStrategy: normal, platform: WINDOWS, platformName: WINDOWS, proxy: Proxy(), setWindowRect: true, strictFileInteractability: false, timeouts: {implicit: 0, pageLoad: 300000, script: 30000}, unhandledPromptBehavior: dismiss and notify, webauthn:extension:largeBlob: true, webauthn:virtualAuthenticators: true}
Session ID: c743f12064b46aa147fb54350b40bf8a]]>
            </message>
            <full-stacktrace>
              <![CDATA[org.openqa.selenium.StaleElementReferenceException: stale element reference: element is not attached to the page document
  (Session info: chrome=89.0.4389.90)
For documentation on this error, please visit: https://www.seleniumhq.org/exceptions/stale_element_reference.html
Build info: version: '3.141.59', revision: 'e82be7d358', time: '2018-11-14T08:17:03'
System info: host: 'HEL01709', ip: '192.168.100.8', os.name: 'Windows 10', os.arch: 'amd64', os.version: '10.0', java.version: '14'
Driver info: org.openqa.selenium.chrome.ChromeDriver
Capabilities {acceptInsecureCerts: false, browserName: chrome, browserVersion: 89.0.4389.90, chrome: {chromedriverVersion: 89.0.4389.23 (61b08ee2c5002..., userDataDir: C:\Users\SVIATL~1.HGR\AppDa...}, goog:chromeOptions: {debuggerAddress: localhost:54254}, javascriptEnabled: true, networkConnectionEnabled: false, pageLoadStrategy: normal, platform: WINDOWS, platformName: WINDOWS, proxy: Proxy(), setWindowRect: true, strictFileInteractability: false, timeouts: {implicit: 0, pageLoad: 300000, script: 30000}, unhandledPromptBehavior: dismiss and notify, webauthn:extension:largeBlob: true, webauthn:virtualAuthenticators: true}
Session ID: c743f12064b46aa147fb54350b40bf8a
at java.base/jdk.internal.reflect.NativeConstructorAccessorImpl.newInstance0(Native Method)
at java.base/jdk.internal.reflect.NativeConstructorAccessorImpl.newInstance(NativeConstructorAccessorImpl.java:62)
at java.base/jdk.internal.reflect.DelegatingConstructorAccessorImpl.newInstance(DelegatingConstructorAccessorImpl.java:45)
at java.base/java.lang.reflect.Constructor.newInstanceWithCaller(Constructor.java:500)
at java.base/java.lang.reflect.Constructor.newInstance(Constructor.java:481)
at org.openqa.selenium.remote.http.W3CHttpResponseCodec.createException(W3CHttpResponseCodec.java:187)
at org.openqa.selenium.remote.http.W3CHttpResponseCodec.decode(W3CHttpResponseCodec.java:122)
at org.openqa.selenium.remote.http.W3CHttpResponseCodec.decode(W3CHttpResponseCodec.java:49)
at org.openqa.selenium.remote.HttpCommandExecutor.execute(HttpCommandExecutor.java:158)
at org.openqa.selenium.remote.service.DriverCommandExecutor.execute(DriverCommandExecutor.java:83)
at org.openqa.selenium.remote.RemoteWebDriver.execute(RemoteWebDriver.java:552)
at org.openqa.selenium.remote.RemoteWebElement.execute(RemoteWebElement.java:285)
at org.openqa.selenium.remote.RemoteWebElement.click(RemoteWebElement.java:84)
at by.helmes.gmail.entities.pages.login.HomePage.deleteLastUnreadEmail(HomePage.java:48)
at by.helmes.gmail.entities.helpers.login.HomeHelper.deleteLastUnreadEmail(HomeHelper.java:29)
at by.helmes.gmail.tests.DeleteEmailTest.deleteEmail(DeleteEmailTest.java:57)
at java.base/jdk.internal.reflect.NativeMethodAccessorImpl.invoke0(Native Method)
at java.base/jdk.internal.reflect.NativeMethodAccessorImpl.invoke(NativeMethodAccessorImpl.java:62)
at java.base/jdk.internal.reflect.DelegatingMethodAccessorImpl.invoke(DelegatingMethodAccessorImpl.java:43)
at java.base/java.lang.reflect.Method.invoke(Method.java:564)
at org.testng.internal.MethodInvocationHelper.invokeMethod(MethodInvocationHelper.java:132)
at org.testng.internal.TestInvoker.invokeMethod(TestInvoker.java:599)
at org.testng.internal.TestInvoker.invokeTestMethod(TestInvoker.java:174)
at org.testng.internal.MethodRunner.runInSequence(MethodRunner.java:46)
at org.testng.internal.TestInvoker$MethodInvocationAgent.invoke(TestInvoker.java:822)
at org.testng.internal.TestInvoker.invokeTestMethods(TestInvoker.java:147)
at org.testng.internal.TestMethodWorker.invokeTestMethods(TestMethodWorker.java:146)
at org.testng.internal.TestMethodWorker.run(TestMethodWorker.java:128)
at java.base/java.util.ArrayList.forEach(ArrayList.java:1510)
at org.testng.TestRunner.privateRun(TestRunner.java:764)
at org.testng.TestRunner.run(TestRunner.java:585)
at org.testng.SuiteRunner.runTest(SuiteRunner.java:384)
at org.testng.SuiteRunner.access$000(SuiteRunner.java:28)
at org.testng.SuiteRunner$SuiteWorker.run(SuiteRunner.java:425)
at org.testng.internal.thread.ThreadUtil.lambda$execute$0(ThreadUtil.java:66)
at java.base/java.util.concurrent.FutureTask.run(FutureTask.java:264)
at java.base/java.util.concurrent.ThreadPoolExecutor.runWorker(ThreadPoolExecutor.java:1130)
at java.base/java.util.concurrent.ThreadPoolExecutor$Worker.run(ThreadPoolExecutor.java:630)
at java.base/java.lang.Thread.run(Thread.java:832)
]]>
            </full-stacktrace>
          </exception> <!-- org.openqa.selenium.StaleElementReferenceException -->
          <reporter-output>
          </reporter-output>
        </test-method> <!-- deleteEmail -->
        <test-method is-config="true" signature="tearDown()[pri:0, instance:by.helmes.gmail.tests.DeleteEmailTest@61533ae]" started-at="2021-03-22T16:22:53 MSK" name="tearDown" finished-at="2021-03-22T16:22:55 MSK" duration-ms="1041" status="PASS">
          <reporter-output>
          </reporter-output>
        </test-method> <!-- tearDown -->
      </class> <!-- by.helmes.gmail.tests.DeleteEmailTest -->
    </test> <!-- Delete Email -->
  </suite> <!-- Gmail suite -->
</testng-results>
